2020-12-16 00:49:32 e720 [INFO] 


Bank Server Accessed
2020-12-16 00:50:25 e720 [INFO] 


Bank Server Accessed
2020-12-16 00:50:41 e720 [INFO] 


Bank Server Accessed
2020-12-16 00:50:53 e720 [DEBUG] Customer Logged In: Rous Epistola
2020-12-16 00:51:24 e720 [DEBUG] Withdrawal from account id: 1 with amount of: 500.0
2020-12-16 00:51:37 e720 [DEBUG] Deposit to account id: 1 with amount of: 500.0
2020-12-16 00:51:55 e720 [DEBUG] Transfer using account id: 3 with amount of: 500.0
2020-12-16 00:52:29 e720 [INFO] 


Bank Server Accessed
2020-12-16 00:52:42 e720 [DEBUG] Customer Logged In: Admin Admin
2020-12-16 00:52:59 e720 [DEBUG] Withdrawal from account id: 5 with amount of: 1000.0
2020-12-16 00:53:20 e720 [DEBUG] Transfer deposit to account id: 4 with amount of: 500.0
2020-12-16 00:53:30 e720 [DEBUG] Withdrawal from account id: 4 with amount of: 500.0
2020-12-16 00:53:39 e720 [INFO] 


Bank Server Accessed
2020-12-16 00:53:58 e720 [DEBUG] Customer Logged In: julia roberts
2020-12-16 00:54:28 e720 [DEBUG] Withdrawal from account id: 12 with amount of: 1.0
2020-12-16 00:54:35 e720 [INFO] 


Bank Server Accessed
2020-12-16 00:54:59 e720 [DEBUG] New Customer Signed Up
2020-12-16 00:56:31 e720 [INFO] 


Bank Server Accessed
2020-12-16 00:57:03 e720 [DEBUG] Customer Logged In: vinita kaushal
2020-12-16 00:57:28 e720 [DEBUG] User with user_id: 14 Requested approval of new bank account
2020-12-16 00:57:38 e720 [INFO] 


Bank Server Accessed
2020-12-16 00:57:49 e720 [DEBUG] Employee Logged In: ADMIN ADMIN
2020-12-16 00:57:59 e720 [INFO] 


Bank Server Accessed
2020-12-16 00:58:07 e720 [DEBUG] Customer Logged In: vinita kaushal
2020-12-16 00:58:19 e720 [INFO] 


Bank Server Accessed
2020-12-16 00:58:27 e720 [DEBUG] Employee Logged In: ADMIN ADMIN
2020-12-16 00:59:04 e720 [INFO] 


Bank Server Accessed
2020-12-16 00:59:17 e720 [DEBUG] Customer Logged In: vinita kaushal
2020-12-16 00:59:27 e720 [DEBUG] Withdrawal from account id: 13 with amount of: 250.0
2020-12-16 00:59:32 e720 [INFO] 


Bank Server Accessed
2020-12-16 01:00:02 e720 [DEBUG] New Customer Signed Up
2020-12-16 01:00:52 e720 [INFO] 


Bank Server Accessed
2020-12-16 01:01:14 e720 [DEBUG] Customer Logged In: rick morty
2020-12-16 01:01:35 e720 [INFO] 


Bank Server Accessed
2020-12-16 01:02:02 e720 [DEBUG] Employee Logged In: ADMIN ADMIN
2020-12-16 01:02:21 e720 [INFO] 


Bank Server Accessed
2020-12-16 01:02:35 e720 [DEBUG] Customer Logged In: rick morty
2020-12-16 01:02:52 e720 [DEBUG] User with user_id: 15 Requested approval of new bank account
2020-12-16 01:02:58 e720 [INFO] 


Bank Server Accessed
2020-12-16 01:03:06 e720 [DEBUG] Employee Logged In: ADMIN ADMIN
2020-12-16 01:03:19 e720 [INFO] 


Bank Server Accessed
2020-12-16 01:03:39 e720 [DEBUG] New Customer Signed Up
2020-12-16 01:04:10 e720 [DEBUG] User with user_id: 16 Requested approval of new bank account
2020-12-16 01:04:16 e720 [INFO] 


Bank Server Accessed
2020-12-16 01:04:25 e720 [DEBUG] Employee Logged In: Rous Epistola
2020-12-16 01:05:14 e720 [INFO] 


Bank Server Accessed
2020-12-16 01:06:09 e720 [INFO] 


Bank Server Accessed
2020-12-16 01:06:23 e720 [DEBUG] New Customer Signed Up
2020-12-16 01:06:51 e720 [DEBUG] User with user_id: 17 Requested approval of new bank account
2020-12-16 01:06:58 e720 [INFO] 


Bank Server Accessed
2020-12-16 01:07:07 e720 [DEBUG] Employee Logged In: Rous Epistola
2020-12-16 01:07:25 e720 [INFO] 


Bank Server Accessed
2020-12-16 01:07:34 e720 [DEBUG] Employee Logged In: Rous Epistola
